[01-Apr-2025 00:39:38 UTC] PHP Warning:  Undefined array key "host" in /workspaces/4_Assignment/.wordpress/wp-includes/pluggable.php on line 1625
[01-Apr-2025 01:06:30 UTC] PHP Warning:  Undefined variable $parent_theme_name in /workspaces/4_Assignment/.wordpress/wp-content/mu-plugins/one-click-child-theme/templates/create_child_form.php on line 18
[01-Apr-2025 01:17:40 UTC] PHP Fatal error:  Out of memory (allocated 37748736) (tried to allocate 2097152 bytes) in /workspaces/4_Assignment/.wordpress/wp-content/plugins/ecommerce-product-catalog/includes/product-settings.php on line 346
[01-Apr-2025 01:17:40 UTC] PHP Fatal error:  Uncaught Error: Call to undefined function ic_products_count() in /workspaces/4_Assignment/.wordpress/wp-content/plugins/ecommerce-product-catalog/includes/tracking.php:117
Stack trace:
#0 /workspaces/4_Assignment/.wordpress/wp-content/plugins/ecommerce-product-catalog/includes/tracking.php(551): IC_EPC_Tracking->setup_data()
#1 /workspaces/4_Assignment/.wordpress/wp-content/plugins/ecommerce-product-catalog/includes/tracking.php(481): IC_EPC_Tracking->send_paused_checkin(Array, true)
#2 [internal function]: IC_EPC_Tracking->fatal()
#3 {main}
  thrown in /workspaces/4_Assignment/.wordpress/wp-content/plugins/ecommerce-product-catalog/includes/tracking.php on line 117
[01-Apr-2025 01:17:42 UTC] PHP Fatal error:  Out of memory (allocated 33554432) (tried to allocate 2097152 bytes) in /workspaces/4_Assignment/.wordpress/wp-content/plugins/ecommerce-product-catalog/includes/product-settings.php on line 339
[01-Apr-2025 01:17:42 UTC] PHP Fatal error:  Uncaught Error: Call to undefined function ic_products_count() in /workspaces/4_Assignment/.wordpress/wp-content/plugins/ecommerce-product-catalog/includes/tracking.php:117
Stack trace:
#0 /workspaces/4_Assignment/.wordpress/wp-content/plugins/ecommerce-product-catalog/includes/tracking.php(551): IC_EPC_Tracking->setup_data()
#1 /workspaces/4_Assignment/.wordpress/wp-content/plugins/ecommerce-product-catalog/includes/tracking.php(481): IC_EPC_Tracking->send_paused_checkin(Array, true)
#2 [internal function]: IC_EPC_Tracking->fatal()
#3 {main}
  thrown in /workspaces/4_Assignment/.wordpress/wp-content/plugins/ecommerce-product-catalog/includes/tracking.php on line 117
[01-Apr-2025 01:17:46 UTC] PHP Fatal error:  Out of memory (allocated 33554432) (tried to allocate 2097152 bytes) in /workspaces/4_Assignment/.wordpress/wp-content/plugins/ecommerce-product-catalog/includes/product-settings.php on line 346
[01-Apr-2025 01:17:46 UTC] PHP Fatal error:  Uncaught Error: Call to undefined function ic_products_count() in /workspaces/4_Assignment/.wordpress/wp-content/plugins/ecommerce-product-catalog/includes/tracking.php:117
Stack trace:
#0 /workspaces/4_Assignment/.wordpress/wp-content/plugins/ecommerce-product-catalog/includes/tracking.php(551): IC_EPC_Tracking->setup_data()
#1 /workspaces/4_Assignment/.wordpress/wp-content/plugins/ecommerce-product-catalog/includes/tracking.php(481): IC_EPC_Tracking->send_paused_checkin(Array, true)
#2 [internal function]: IC_EPC_Tracking->fatal()
#3 {main}
  thrown in /workspaces/4_Assignment/.wordpress/wp-content/plugins/ecommerce-product-catalog/includes/tracking.php on line 117
[01-Apr-2025 01:17:48 UTC] PHP Fatal error:  Out of memory (allocated 31457280) (tried to allocate 2097152 bytes) in /workspaces/4_Assignment/.wordpress/wp-content/plugins/ecommerce-product-catalog/includes/product-settings.php on line 346
[01-Apr-2025 01:17:48 UTC] PHP Fatal error:  Uncaught Error: Call to undefined function ic_products_count() in /workspaces/4_Assignment/.wordpress/wp-content/plugins/ecommerce-product-catalog/includes/tracking.php:117
Stack trace:
#0 /workspaces/4_Assignment/.wordpress/wp-content/plugins/ecommerce-product-catalog/includes/tracking.php(551): IC_EPC_Tracking->setup_data()
#1 /workspaces/4_Assignment/.wordpress/wp-content/plugins/ecommerce-product-catalog/includes/tracking.php(481): IC_EPC_Tracking->send_paused_checkin(Array, true)
#2 [internal function]: IC_EPC_Tracking->fatal()
#3 {main}
  thrown in /workspaces/4_Assignment/.wordpress/wp-content/plugins/ecommerce-product-catalog/includes/tracking.php on line 117
[01-Apr-2025 01:17:52 UTC] PHP Fatal error:  Out of memory (allocated 31457280) (tried to allocate 2097152 bytes) in /workspaces/4_Assignment/.wordpress/wp-content/plugins/ecommerce-product-catalog/includes/product-settings.php on line 339
[01-Apr-2025 01:17:52 UTC] PHP Fatal error:  Uncaught Error: Call to undefined function ic_products_count() in /workspaces/4_Assignment/.wordpress/wp-content/plugins/ecommerce-product-catalog/includes/tracking.php:117
Stack trace:
#0 /workspaces/4_Assignment/.wordpress/wp-content/plugins/ecommerce-product-catalog/includes/tracking.php(551): IC_EPC_Tracking->setup_data()
#1 /workspaces/4_Assignment/.wordpress/wp-content/plugins/ecommerce-product-catalog/includes/tracking.php(481): IC_EPC_Tracking->send_paused_checkin(Array, true)
#2 [internal function]: IC_EPC_Tracking->fatal()
#3 {main}
  thrown in /workspaces/4_Assignment/.wordpress/wp-content/plugins/ecommerce-product-catalog/includes/tracking.php on line 117
[01-Apr-2025 01:17:56 UTC] PHP Fatal error:  Out of memory (allocated 31457280) (tried to allocate 2097152 bytes) in /workspaces/4_Assignment/.wordpress/wp-content/plugins/ecommerce-product-catalog/includes/product-settings.php on line 387
[01-Apr-2025 01:17:56 UTC] PHP Fatal error:  Uncaught Error: Call to undefined function ic_products_count() in /workspaces/4_Assignment/.wordpress/wp-content/plugins/ecommerce-product-catalog/includes/tracking.php:117
Stack trace:
#0 /workspaces/4_Assignment/.wordpress/wp-content/plugins/ecommerce-product-catalog/includes/tracking.php(551): IC_EPC_Tracking->setup_data()
#1 /workspaces/4_Assignment/.wordpress/wp-content/plugins/ecommerce-product-catalog/includes/tracking.php(481): IC_EPC_Tracking->send_paused_checkin(Array, true)
#2 [internal function]: IC_EPC_Tracking->fatal()
#3 {main}
  thrown in /workspaces/4_Assignment/.wordpress/wp-content/plugins/ecommerce-product-catalog/includes/tracking.php on line 117
[01-Apr-2025 01:17:56 UTC] PHP Fatal error:  Out of memory (allocated 31457280) (tried to allocate 2097152 bytes) in /workspaces/4_Assignment/.wordpress/wp-content/plugins/ecommerce-product-catalog/includes/product-settings.php on line 387
[01-Apr-2025 01:17:56 UTC] PHP Fatal error:  Uncaught Error: Call to undefined function ic_products_count() in /workspaces/4_Assignment/.wordpress/wp-content/plugins/ecommerce-product-catalog/includes/tracking.php:117
Stack trace:
#0 /workspaces/4_Assignment/.wordpress/wp-content/plugins/ecommerce-product-catalog/includes/tracking.php(551): IC_EPC_Tracking->setup_data()
#1 /workspaces/4_Assignment/.wordpress/wp-content/plugins/ecommerce-product-catalog/includes/tracking.php(481): IC_EPC_Tracking->send_paused_checkin(Array, true)
#2 [internal function]: IC_EPC_Tracking->fatal()
#3 {main}
  thrown in /workspaces/4_Assignment/.wordpress/wp-content/plugins/ecommerce-product-catalog/includes/tracking.php on line 117
[01-Apr-2025 01:17:56 UTC] PHP Fatal error:  Out of memory (allocated 31457280) (tried to allocate 2097152 bytes) in /workspaces/4_Assignment/.wordpress/wp-content/plugins/ecommerce-product-catalog/includes/product-settings.php on line 387
[01-Apr-2025 01:17:56 UTC] PHP Fatal error:  Uncaught Error: Call to undefined function ic_products_count() in /workspaces/4_Assignment/.wordpress/wp-content/plugins/ecommerce-product-catalog/includes/tracking.php:117
Stack trace:
#0 /workspaces/4_Assignment/.wordpress/wp-content/plugins/ecommerce-product-catalog/includes/tracking.php(551): IC_EPC_Tracking->setup_data()
#1 /workspaces/4_Assignment/.wordpress/wp-content/plugins/ecommerce-product-catalog/includes/tracking.php(481): IC_EPC_Tracking->send_paused_checkin(Array, true)
#2 [internal function]: IC_EPC_Tracking->fatal()
#3 {main}
  thrown in /workspaces/4_Assignment/.wordpress/wp-content/plugins/ecommerce-product-catalog/includes/tracking.php on line 117
[01-Apr-2025 01:17:57 UTC] PHP Fatal error:  Out of memory (allocated 31457280) (tried to allocate 2097152 bytes) in /workspaces/4_Assignment/.wordpress/wp-content/plugins/ecommerce-product-catalog/includes/product-settings.php on line 386
[01-Apr-2025 01:17:57 UTC] PHP Fatal error:  Uncaught Error: Call to undefined function ic_products_count() in /workspaces/4_Assignment/.wordpress/wp-content/plugins/ecommerce-product-catalog/includes/tracking.php:117
Stack trace:
#0 /workspaces/4_Assignment/.wordpress/wp-content/plugins/ecommerce-product-catalog/includes/tracking.php(551): IC_EPC_Tracking->setup_data()
#1 /workspaces/4_Assignment/.wordpress/wp-content/plugins/ecommerce-product-catalog/includes/tracking.php(481): IC_EPC_Tracking->send_paused_checkin(Array, true)
#2 [internal function]: IC_EPC_Tracking->fatal()
#3 {main}
  thrown in /workspaces/4_Assignment/.wordpress/wp-content/plugins/ecommerce-product-catalog/includes/tracking.php on line 117
[01-Apr-2025 01:18:02 UTC] PHP Fatal error:  Out of memory (allocated 31457280) (tried to allocate 2097152 bytes) in /workspaces/4_Assignment/.wordpress/wp-content/plugins/ecommerce-product-catalog/includes/product-settings.php on line 339
[01-Apr-2025 01:18:02 UTC] PHP Fatal error:  Uncaught Error: Call to undefined function ic_products_count() in /workspaces/4_Assignment/.wordpress/wp-content/plugins/ecommerce-product-catalog/includes/tracking.php:117
Stack trace:
#0 /workspaces/4_Assignment/.wordpress/wp-content/plugins/ecommerce-product-catalog/includes/tracking.php(551): IC_EPC_Tracking->setup_data()
#1 /workspaces/4_Assignment/.wordpress/wp-content/plugins/ecommerce-product-catalog/includes/tracking.php(481): IC_EPC_Tracking->send_paused_checkin(Array, true)
#2 [internal function]: IC_EPC_Tracking->fatal()
#3 {main}
  thrown in /workspaces/4_Assignment/.wordpress/wp-content/plugins/ecommerce-product-catalog/includes/tracking.php on line 117
[01-Apr-2025 01:18:05 UTC] PHP Fatal error:  Out of memory (allocated 31457280) (tried to allocate 2097152 bytes) in /workspaces/4_Assignment/.wordpress/wp-content/plugins/ecommerce-product-catalog/includes/product-settings.php on line 386
[01-Apr-2025 01:18:05 UTC] PHP Fatal error:  Uncaught Error: Call to undefined function ic_products_count() in /workspaces/4_Assignment/.wordpress/wp-content/plugins/ecommerce-product-catalog/includes/tracking.php:117
Stack trace:
#0 /workspaces/4_Assignment/.wordpress/wp-content/plugins/ecommerce-product-catalog/includes/tracking.php(551): IC_EPC_Tracking->setup_data()
#1 /workspaces/4_Assignment/.wordpress/wp-content/plugins/ecommerce-product-catalog/includes/tracking.php(481): IC_EPC_Tracking->send_paused_checkin(Array, true)
#2 [internal function]: IC_EPC_Tracking->fatal()
#3 {main}
  thrown in /workspaces/4_Assignment/.wordpress/wp-content/plugins/ecommerce-product-catalog/includes/tracking.php on line 117
[01-Apr-2025 01:18:12 UTC] PHP Fatal error:  Out of memory (allocated 31457280) (tried to allocate 2097152 bytes) in /workspaces/4_Assignment/.wordpress/wp-content/plugins/ecommerce-product-catalog/includes/product-settings.php on line 339
[01-Apr-2025 01:18:12 UTC] PHP Fatal error:  Uncaught Error: Call to undefined function ic_products_count() in /workspaces/4_Assignment/.wordpress/wp-content/plugins/ecommerce-product-catalog/includes/tracking.php:117
Stack trace:
#0 /workspaces/4_Assignment/.wordpress/wp-content/plugins/ecommerce-product-catalog/includes/tracking.php(551): IC_EPC_Tracking->setup_data()
#1 /workspaces/4_Assignment/.wordpress/wp-content/plugins/ecommerce-product-catalog/includes/tracking.php(481): IC_EPC_Tracking->send_paused_checkin(Array, true)
#2 [internal function]: IC_EPC_Tracking->fatal()
#3 {main}
  thrown in /workspaces/4_Assignment/.wordpress/wp-content/plugins/ecommerce-product-catalog/includes/tracking.php on line 117
